<?xml version="1.0" encoding="UTF-8"?>
<testng-results skipped="0" failed="0" ignored="0" total="1" passed="1">
  <reporter-output>
  </reporter-output>
  <suite name="Default suite" duration-ms="100179" started-at="2020-06-07T18:06:48Z" finished-at="2020-06-07T18:08:28Z">
    <groups>
    </groups>
    <test name="Default test" duration-ms="100179" started-at="2020-06-07T18:06:48Z" finished-at="2020-06-07T18:08:28Z">
      <class name="com.qa.test.HomepageTest">
        <test-method status="PASS" signature="setUp()[pri:0, instance:com.qa.test.HomepageTest@5792a0]" name="setUp" is-config="true" duration-ms="25404" started-at="2020-06-07T18:06:48Z" finished-at="2020-06-07T18:07:14Z">
          <reporter-output>
          </reporter-output>
        </test-method> <!-- setUp -->
        <test-method status="PASS" signature="test()[pri:0, instance:com.qa.test.HomepageTest@5792a0]" name="test" duration-ms="72400" started-at="2020-06-07T18:07:14Z" finished-at="2020-06-07T18:08:26Z">
          <reporter-output>
          </reporter-output>
        </test-method> <!-- test -->
        <test-method status="PASS" signature="after()[pri:0, instance:com.qa.test.HomepageTest@5792a0]" name="after" is-config="true" duration-ms="2213" started-at="2020-06-07T18:08:26Z" finished-at="2020-06-07T18:08:28Z">
          <reporter-output>
          </reporter-output>
        </test-method> <!-- after -->
      </class> <!-- com.qa.test.HomepageTest -->
    </test> <!-- Default test -->
  </suite> <!-- Default suite -->
</testng-results>
